<?xml version="1.0" encoding="UTF-8"?>
<!-- Generated by org.testng.reporters.JUnitReportReporter -->
<testsuite skipped="0" hostname="DESKTOP-8313LRD" name="programsTestNG.PriorityTest$Sample" tests="3" failures="0" timestamp="27 maj 2020 03:42:03 GMT" time="0.009" errors="0">
  <testcase name="testaa" time="0.007" classname="programsTestNG.PriorityTest$Sample"/>
  <testcase name="testbb" time="0.001" classname="programsTestNG.PriorityTest$Sample"/>
  <testcase name="testcc" time="0.001" classname="programsTestNG.PriorityTest$Sample"/>
</testsuite> <!-- programsTestNG.PriorityTest$Sample -->
