<?xml version="1.0" encoding="UTF-8"?>
<!-- Generated by org.testng.reporters.JUnitReportReporter -->
<testsuite skipped="0" hostname="DESKTOP-8313LRD" name="programsTestNG.Test1" tests="3" failures="0" timestamp="31 mar. 2020 10:26:33 GMT" time="0.007" errors="0">
  <testcase name="testCC" time="0.001" classname="programsTestNG.Test1"/>
  <testcase name="testAA" time="0.005" classname="programsTestNG.Test1"/>
  <testcase name="testBB" time="0.001" classname="programsTestNG.Test1"/>
</testsuite> <!-- programsTestNG.Test1 -->
