<?xml version="1.0" encoding="UTF-8"?>
<!-- Generated by org.testng.reporters.JUnitReportReporter -->
<testsuite skipped="0" hostname="DESKTOP-8313LRD" name="programsTestNG.Sample" tests="1" failures="0" timestamp="31 mar. 2020 11:15:11 GMT" time="0.012" errors="0">
  <testcase name="testSample" time="0.012" classname="programsTestNG.Sample"/>
</testsuite> <!-- programsTestNG.Sample -->
