<?xml version="1.0" encoding="UTF-8"?>
<!-- Generated by org.testng.reporters.JUnitReportReporter -->
<testsuite skipped="0" hostname="VENKAT" name="pomTests.EbayProdCatSearchTest" tests="1" failures="0" timestamp="2020-05-05T08:15:59 IST" time="25.249" errors="0">
  <testcase name="CatSearch" time="25.249" classname="pomTests.EbayProdCatSearchTest"/>
</testsuite> <!-- pomTests.EbayProdCatSearchTest -->
