<?xml version="1.0" encoding="UTF-8"?>
<!-- Generated by org.testng.reporters.JUnitReportReporter -->
<testsuite skipped="0" hostname="VENKAT" name="pomTests.AmazonLoginTest" tests="1" failures="0" timestamp="2020-05-06T08:03:28 IST" time="64.483" errors="0">
  <testcase name="Login" time="64.483" classname="pomTests.AmazonLoginTest"/>
</testsuite> <!-- pomTests.AmazonLoginTest -->
