<?xml version="1.0" encoding="UTF-8"?>
<!-- Generated by org.testng.reporters.JUnitReportReporter -->
<testsuite skipped="0" hostname="VENKAT" name="pomTests.POMAmazonSearchTest" tests="1" failures="0" timestamp="2020-05-06T08:26:34 IST" time="47.377" errors="0">
  <testcase name="Search" time="47.377" classname="pomTests.POMAmazonSearchTest"/>
</testsuite> <!-- pomTests.POMAmazonSearchTest -->
