<?xml version="1.0" encoding="UTF-8"?>
<!-- Generated by org.testng.reporters.JUnitReportReporter -->
<testsuite skipped="0" hostname="VENKAT" name="pomTests.POMEbayProdCatSearchTest" tests="1" failures="0" timestamp="2020-05-05T08:34:49 IST" time="26.588" errors="0">
  <testcase name="CatSearch" time="26.588" classname="pomTests.POMEbayProdCatSearchTest"/>
</testsuite> <!-- pomTests.POMEbayProdCatSearchTest -->
