<?xml version="1.0" encoding="UTF-8"?>
<!-- Generated by org.testng.reporters.JUnitReportReporter -->
<testsuite skipped="0" hostname="VENKAT" name="pomTests.EbayProdSearchTest" tests="1" failures="0" timestamp="2020-05-05T08:13:30 IST" time="24.433" errors="0">
  <testcase name="Search" time="24.433" classname="pomTests.EbayProdSearchTest"/>
</testsuite> <!-- pomTests.EbayProdSearchTest -->
