<?xml version="1.0" encoding="UTF-8"?>
<!-- Generated by org.testng.reporters.JUnitReportReporter -->
<testsuite skipped="0" hostname="DESKTOP-8313LRD" name="poiprograms.CreateCustomer1" tests="1" failures="0" timestamp="05 apr. 2020 09:20:18 GMT" time="18.315" errors="0">
  <testcase name="testCreateCustomer" time="18.315" classname="poiprograms.CreateCustomer1"/>
</testsuite> <!-- poiprograms.CreateCustomer1 -->
