<?xml version="1.0" encoding="UTF-8"?>
<!-- Generated by org.testng.reporters.JUnitReportReporter -->
<testsuite skipped="0" hostname="DESKTOP-8313LRD" name="poiprograms.CreateCustomer" tests="1" failures="0" timestamp="05 apr. 2020 11:23:56 GMT" time="1.155" errors="0">
  <testcase name="testCreateCustomer" time="1.155" classname="poiprograms.CreateCustomer"/>
</testsuite> <!-- poiprograms.CreateCustomer -->
