<?xml version="1.0" encoding="UTF-8"?>
<!-- Generated by org.testng.reporters.JUnitReportReporter -->
<testsuite skipped="0" hostname="DESKTOP-8313LRD" name="testNGPrograms.MultiTestDemo" tests="2" failures="0" timestamp="25 apr. 2020 07:13:22 GMT" time="0.014" errors="0">
  <testcase name="f1" time="0.001" classname="testNGPrograms.MultiTestDemo"/>
  <testcase name="f" time="0.013" classname="testNGPrograms.MultiTestDemo"/>
</testsuite> <!-- testNGPrograms.MultiTestDemo -->
