<?xml version="1.0" encoding="UTF-8"?>
<!-- Generated by org.testng.reporters.JUnitReportReporter -->
<testsuite skipped="1" hostname="DESKTOP-8313LRD" name="testNGPrograms.DisableTestDemo" tests="5" failures="0" timestamp="28 apr. 2020 15:04:41 GMT" time="0.009" errors="0">
  <testcase name="Login" time="0.007" classname="testNGPrograms.DisableTestDemo"/>
  <testcase name="Deposit" time="0.001" classname="testNGPrograms.DisableTestDemo"/>
  <testcase name="Withdraw" time="0.000" classname="testNGPrograms.DisableTestDemo"/>
  <testcase name="Balance" time="0.001" classname="testNGPrograms.DisableTestDemo"/>
  <testcase name="LogOut" classname="testNGPrograms.DisableTestDemo">
    <skipped/>
  </testcase> <!-- LogOut -->
</testsuite> <!-- testNGPrograms.DisableTestDemo -->
