<?xml version="1.0" encoding="UTF-8"?>
<!-- Generated by org.testng.reporters.JUnitReportReporter -->
<testsuite skipped="0" hostname="DESKTOP-8313LRD" name="testNGPrograms.TransTests" tests="2" failures="0" timestamp="30 apr. 2020 10:06:56 GMT" time="0.007" errors="0">
  <testcase name="Deposit" time="0.006" classname="testNGPrograms.TransTests"/>
  <testcase name="Withdraw" time="0.001" classname="testNGPrograms.TransTests"/>
</testsuite> <!-- testNGPrograms.TransTests -->
