<?xml version="1.0" encoding="UTF-8"?>
<!-- Generated by org.testng.reporters.JUnitReportReporter -->
<testsuite skipped="0" hostname="DESKTOP-8313LRD" name="testNGPrograms.AmazonLGTest" tests="1" failures="0" timestamp="22 apr. 2020 11:07:34 GMT" time="9.043" errors="0">
  <testcase name="AmazonSearch" time="9.043" classname="testNGPrograms.AmazonLGTest"/>
</testsuite> <!-- testNGPrograms.AmazonLGTest -->
