<?xml version="1.0" encoding="UTF-8"?>
<!-- Generated by org.testng.reporters.JUnitReportReporter -->
<testsuite hostname="DESKTOP-8313LRD" failures="0" tests="1" name="com.actitime.timetrack.ValidLoginTest" time="5.926" errors="0" timestamp="2020-07-29T16:56:54 PDT" skipped="0">
  <testcase classname="com.actitime.timetrack.ValidLoginTest" name="validLogin" time="5.926"/>
</testsuite> <!-- com.actitime.timetrack.ValidLoginTest -->
