<?xml version="1.0" encoding="UTF-8"?>
<!-- Generated by org.testng.reporters.JUnitReportReporter -->
<testsuite hostname="DESKTOP-8313LRD" failures="0" tests="1" name="com.actitime.timetrack.ActiInvalidLogin" time="26.226" errors="0" timestamp="2020-07-29T16:56:54 PDT" skipped="0">
  <testcase classname="com.actitime.timetrack.ActiInvalidLogin" name="invalidLoginTest" time="26.226"/>
</testsuite> <!-- com.actitime.timetrack.ActiInvalidLogin -->
